<?xml version="1.0" encoding="UTF-8"?>
<!-- Generated by org.testng.reporters.JUnitReportReporter -->
<testsuite hostname="DESKTOP-9T6KQTB" failures="0" tests="2" name="runner.testNGRunner" time="31.277" errors="0" timestamp="2023-04-22T00:15:50 IST" skipped="0">
  <testcase classname="runner.testNGRunner" name="runScenario" time="20.493"/>
  <system-out/>
  <testcase classname="runner.testNGRunner" name="runScenario" time="10.784"/>
  <system-out/>
</testsuite> <!-- runner.testNGRunner -->
